-------------------------------------------------------------------------------
Synchrobench-java
A benchmark-suite to evaluate synchronization techniques
-------------------------------------------------------------------------------

Benchmark parameters
--------------------
  Detailed stats:          	enabled
  Number of threads:       	12
  Length:                  	2000 ms
  Write ratio:             	10 %
  WriteAll ratio:          	0 %
  Snapshot ratio:          	0 %
  Size:                    	100 elts
  Range:                   	200 elts
  WarmUp:                  	0 s
  Iterations:              	1
  Benchmark:               	linkedlists.lockbased.CoarseGrainedListBasedSet
Thread #5 finished.
Thread #2 finished.
Thread #10 finished.
Thread #9 finished.
Thread #4 finished.
Thread #3 finished.
Thread #6 finished.
Thread #8 finished.
Thread #0 finished.
Thread #11 finished.
Thread #1 finished.
Thread #7 finished.
-------------------------------------------------------------------------------
Benchmark statistics
-------------------------------------------------------------------------------
  Average traversal length: 	NaN
  Struct Modifications:     	0
  Throughput (ops/s):       	983114.8348940365
  Elapsed time (s):         	2.029
  Operations:               	1994740	( 100 %)
    effective updates:     	99802	( 5.00 %)
    |--add successful:     	49901	( 2.50 %)
    |--remove succ.:       	49901	( 2.50 %)
    |--addAll succ.:       	0	( 0.00 %)
    |--removeAll succ.:    	0	( 0.00 %)
    size successful:       	0	( 0.00 %)
    contains succ.:        	893484	( 44.79 %)
    unsuccessful ops:      	1001454	( 50.20 %)
  Final size:              	100
  Expected size:           	100
-------------------------------------------------------------------------------
TM statistics
-------------------------------------------------------------------------------
  Commits:                  	0
  |--regular read only  (%) 	0	( NaN %)
  |--elastic (%)            	0	( NaN %)
  |--regular update (%)     	0	( NaN %)
  Starts:                   	0
  Aborts:                   	0	( 100 %)
  |--between succ. reads:   	0	( NaN %)
  |--between read & write:  	0	( NaN %)
  |--extend upon read:      	0	( NaN %)
  |--write after read:      	0	( NaN %)
  |--locked on write:       	0	( NaN %)
  |--locked before read:    	0	( NaN %)
  |--locked before eread:   	0	( NaN %)
  |--locked on read:        	0	( NaN %)
  |--invalid commit:        	0	( NaN %)
  |--invalid snapshot:      	0	( NaN %)
  Read set size on avg.:    	NaN
  Write set size on avg.:   	NaN
  Tx time-to-commit on avg.:	NaN microsec
  Number of elastic reads       0
  Number of reads in RO prefix  0
-------------------------------------------------------------------------------
Synchrobench-java
A benchmark-suite to evaluate synchronization techniques
-------------------------------------------------------------------------------

Benchmark parameters
--------------------
  Detailed stats:          	enabled
  Number of threads:       	12
  Length:                  	2000 ms
  Write ratio:             	10 %
  WriteAll ratio:          	0 %
  Snapshot ratio:          	0 %
  Size:                    	100 elts
  Range:                   	200 elts
  WarmUp:                  	0 s
  Iterations:              	1
  Benchmark:               	linkedlists.lockbased.CoarseGrainedListBasedSet
Thread #11 finished.
Thread #7 finished.
Thread #9 finished.
Thread #4 finished.
Thread #1 finished.
Thread #10 finished.
Thread #2 finished.
Thread #3 finished.
Thread #0 finished.
Thread #5 finished.
Thread #6 finished.
Thread #8 finished.
-------------------------------------------------------------------------------
Benchmark statistics
-------------------------------------------------------------------------------
  Average traversal length: 	NaN
  Struct Modifications:     	0
  Throughput (ops/s):       	974922.962962963
  Elapsed time (s):         	2.025
  Operations:               	1974219	( 100 %)
    effective updates:     	98333	( 4.98 %)
    |--add successful:     	49167	( 2.49 %)
    |--remove succ.:       	49166	( 2.49 %)
    |--addAll succ.:       	0	( 0.00 %)
    |--removeAll succ.:    	0	( 0.00 %)
    size successful:       	0	( 0.00 %)
    contains succ.:        	886192	( 44.89 %)
    unsuccessful ops:      	989694	( 50.13 %)
  Final size:              	101
  Expected size:           	101
-------------------------------------------------------------------------------
TM statistics
-------------------------------------------------------------------------------
  Commits:                  	0
  |--regular read only  (%) 	0	( NaN %)
  |--elastic (%)            	0	( NaN %)
  |--regular update (%)     	0	( NaN %)
  Starts:                   	0
  Aborts:                   	0	( 100 %)
  |--between succ. reads:   	0	( NaN %)
  |--between read & write:  	0	( NaN %)
  |--extend upon read:      	0	( NaN %)
  |--write after read:      	0	( NaN %)
  |--locked on write:       	0	( NaN %)
  |--locked before read:    	0	( NaN %)
  |--locked before eread:   	0	( NaN %)
  |--locked on read:        	0	( NaN %)
  |--invalid commit:        	0	( NaN %)
  |--invalid snapshot:      	0	( NaN %)
  Read set size on avg.:    	NaN
  Write set size on avg.:   	NaN
  Tx time-to-commit on avg.:	NaN microsec
  Number of elastic reads       0
  Number of reads in RO prefix  0
