-------------------------------------------------------------------------------
Synchrobench-java
A benchmark-suite to evaluate synchronization techniques
-------------------------------------------------------------------------------

Benchmark parameters
--------------------
  Detailed stats:          	enabled
  Number of threads:       	11
  Length:                  	2000 ms
  Write ratio:             	100 %
  WriteAll ratio:          	0 %
  Snapshot ratio:          	0 %
  Size:                    	1000 elts
  Range:                   	2000 elts
  WarmUp:                  	0 s
  Iterations:              	1
  Benchmark:               	linkedlists.lockbased.CoarseGrainedListBasedSet
Thread #0 finished.
Thread #2 finished.
Thread #1 finished.
Thread #3 finished.
Thread #7 finished.
Thread #8 finished.
Thread #9 finished.
Thread #6 finished.
Thread #4 finished.
Thread #5 finished.
Thread #10 finished.
-------------------------------------------------------------------------------
Benchmark statistics
-------------------------------------------------------------------------------
  Average traversal length: 	NaN
  Struct Modifications:     	0
  Throughput (ops/s):       	85873.94957983193
  Elapsed time (s):         	2.023
  Operations:               	173723	( 100 %)
    effective updates:     	87121	( 50.15 %)
    |--add successful:     	43571	( 25.08 %)
    |--remove succ.:       	43550	( 25.07 %)
    |--addAll succ.:       	0	( 0.00 %)
    |--removeAll succ.:    	0	( 0.00 %)
    size successful:       	0	( 0.00 %)
    contains succ.:        	0	( 0.00 %)
    unsuccessful ops:      	86602	( 49.85 %)
  Final size:              	1021
  Expected size:           	1021
-------------------------------------------------------------------------------
TM statistics
-------------------------------------------------------------------------------
  Commits:                  	0
  |--regular read only  (%) 	0	( NaN %)
  |--elastic (%)            	0	( NaN %)
  |--regular update (%)     	0	( NaN %)
  Starts:                   	0
  Aborts:                   	0	( 100 %)
  |--between succ. reads:   	0	( NaN %)
  |--between read & write:  	0	( NaN %)
  |--extend upon read:      	0	( NaN %)
  |--write after read:      	0	( NaN %)
  |--locked on write:       	0	( NaN %)
  |--locked before read:    	0	( NaN %)
  |--locked before eread:   	0	( NaN %)
  |--locked on read:        	0	( NaN %)
  |--invalid commit:        	0	( NaN %)
  |--invalid snapshot:      	0	( NaN %)
  Read set size on avg.:    	NaN
  Write set size on avg.:   	NaN
  Tx time-to-commit on avg.:	NaN microsec
  Number of elastic reads       0
  Number of reads in RO prefix  0
-------------------------------------------------------------------------------
Synchrobench-java
A benchmark-suite to evaluate synchronization techniques
-------------------------------------------------------------------------------

Benchmark parameters
--------------------
  Detailed stats:          	enabled
  Number of threads:       	11
  Length:                  	2000 ms
  Write ratio:             	100 %
  WriteAll ratio:          	0 %
  Snapshot ratio:          	0 %
  Size:                    	1000 elts
  Range:                   	2000 elts
  WarmUp:                  	0 s
  Iterations:              	1
  Benchmark:               	linkedlists.lockbased.CoarseGrainedListBasedSet
Thread #3 finished.
Thread #1 finished.
Thread #0 finished.
Thread #8 finished.
Thread #4 finished.
Thread #5 finished.
Thread #2 finished.
Thread #6 finished.
Thread #7 finished.
Thread #10 finished.
Thread #9 finished.
-------------------------------------------------------------------------------
Benchmark statistics
-------------------------------------------------------------------------------
  Average traversal length: 	NaN
  Struct Modifications:     	0
  Throughput (ops/s):       	85783.98418190805
  Elapsed time (s):         	2.023
  Operations:               	173541	( 100 %)
    effective updates:     	86873	( 50.06 %)
    |--add successful:     	43450	( 25.04 %)
    |--remove succ.:       	43423	( 25.02 %)
    |--addAll succ.:       	0	( 0.00 %)
    |--removeAll succ.:    	0	( 0.00 %)
    size successful:       	0	( 0.00 %)
    contains succ.:        	0	( 0.00 %)
    unsuccessful ops:      	86668	( 49.94 %)
  Final size:              	1027
  Expected size:           	1027
-------------------------------------------------------------------------------
TM statistics
-------------------------------------------------------------------------------
  Commits:                  	0
  |--regular read only  (%) 	0	( NaN %)
  |--elastic (%)            	0	( NaN %)
  |--regular update (%)     	0	( NaN %)
  Starts:                   	0
  Aborts:                   	0	( 100 %)
  |--between succ. reads:   	0	( NaN %)
  |--between read & write:  	0	( NaN %)
  |--extend upon read:      	0	( NaN %)
  |--write after read:      	0	( NaN %)
  |--locked on write:       	0	( NaN %)
  |--locked before read:    	0	( NaN %)
  |--locked before eread:   	0	( NaN %)
  |--locked on read:        	0	( NaN %)
  |--invalid commit:        	0	( NaN %)
  |--invalid snapshot:      	0	( NaN %)
  Read set size on avg.:    	NaN
  Write set size on avg.:   	NaN
  Tx time-to-commit on avg.:	NaN microsec
  Number of elastic reads       0
  Number of reads in RO prefix  0
