-------------------------------------------------------------------------------
Synchrobench-java
A benchmark-suite to evaluate synchronization techniques
-------------------------------------------------------------------------------

Benchmark parameters
--------------------
  Detailed stats:          	enabled
  Number of threads:       	1
  Length:                  	2000 ms
  Write ratio:             	25 %
  WriteAll ratio:          	0 %
  Snapshot ratio:          	0 %
  Size:                    	100 elts
  Range:                   	200 elts
  WarmUp:                  	0 s
  Iterations:              	1
  Benchmark:               	linkedlists.lockbased.CoarseGrainedListBasedSet
Thread #0 finished.
-------------------------------------------------------------------------------
Benchmark statistics
-------------------------------------------------------------------------------
  Average traversal length: 	NaN
  Struct Modifications:     	0
  Throughput (ops/s):       	6891743.653558985
  Elapsed time (s):         	2.009
  Operations:               	13845513	( 100 %)
    effective updates:     	1729670	( 12.49 %)
    |--add successful:     	864833	( 6.25 %)
    |--remove succ.:       	864837	( 6.25 %)
    |--addAll succ.:       	0	( 0.00 %)
    |--removeAll succ.:    	0	( 0.00 %)
    size successful:       	0	( 0.00 %)
    contains succ.:        	5198938	( 37.55 %)
    unsuccessful ops:      	6916905	( 49.96 %)
  Final size:              	96
  Expected size:           	96
-------------------------------------------------------------------------------
TM statistics
-------------------------------------------------------------------------------
  Commits:                  	0
  |--regular read only  (%) 	0	( NaN %)
  |--elastic (%)            	0	( NaN %)
  |--regular update (%)     	0	( NaN %)
  Starts:                   	0
  Aborts:                   	0	( 100 %)
  |--between succ. reads:   	0	( NaN %)
  |--between read & write:  	0	( NaN %)
  |--extend upon read:      	0	( NaN %)
  |--write after read:      	0	( NaN %)
  |--locked on write:       	0	( NaN %)
  |--locked before read:    	0	( NaN %)
  |--locked before eread:   	0	( NaN %)
  |--locked on read:        	0	( NaN %)
  |--invalid commit:        	0	( NaN %)
  |--invalid snapshot:      	0	( NaN %)
  Read set size on avg.:    	NaN
  Write set size on avg.:   	NaN
  Tx time-to-commit on avg.:	NaN microsec
  Number of elastic reads       0
  Number of reads in RO prefix  0
-------------------------------------------------------------------------------
Synchrobench-java
A benchmark-suite to evaluate synchronization techniques
-------------------------------------------------------------------------------

Benchmark parameters
--------------------
  Detailed stats:          	enabled
  Number of threads:       	1
  Length:                  	2000 ms
  Write ratio:             	25 %
  WriteAll ratio:          	0 %
  Snapshot ratio:          	0 %
  Size:                    	100 elts
  Range:                   	200 elts
  WarmUp:                  	0 s
  Iterations:              	1
  Benchmark:               	linkedlists.lockbased.CoarseGrainedListBasedSet
Thread #0 finished.
-------------------------------------------------------------------------------
Benchmark statistics
-------------------------------------------------------------------------------
  Average traversal length: 	NaN
  Struct Modifications:     	0
  Throughput (ops/s):       	6890537.580886013
  Elapsed time (s):         	2.009
  Operations:               	13843090	( 100 %)
    effective updates:     	1731541	( 12.51 %)
    |--add successful:     	865767	( 6.25 %)
    |--remove succ.:       	865774	( 6.25 %)
    |--addAll succ.:       	0	( 0.00 %)
    |--removeAll succ.:    	0	( 0.00 %)
    size successful:       	0	( 0.00 %)
    contains succ.:        	5190540	( 37.50 %)
    unsuccessful ops:      	6921009	( 50.00 %)
  Final size:              	93
  Expected size:           	93
-------------------------------------------------------------------------------
TM statistics
-------------------------------------------------------------------------------
  Commits:                  	0
  |--regular read only  (%) 	0	( NaN %)
  |--elastic (%)            	0	( NaN %)
  |--regular update (%)     	0	( NaN %)
  Starts:                   	0
  Aborts:                   	0	( 100 %)
  |--between succ. reads:   	0	( NaN %)
  |--between read & write:  	0	( NaN %)
  |--extend upon read:      	0	( NaN %)
  |--write after read:      	0	( NaN %)
  |--locked on write:       	0	( NaN %)
  |--locked before read:    	0	( NaN %)
  |--locked before eread:   	0	( NaN %)
  |--locked on read:        	0	( NaN %)
  |--invalid commit:        	0	( NaN %)
  |--invalid snapshot:      	0	( NaN %)
  Read set size on avg.:    	NaN
  Write set size on avg.:   	NaN
  Tx time-to-commit on avg.:	NaN microsec
  Number of elastic reads       0
  Number of reads in RO prefix  0
