-------------------------------------------------------------------------------
Synchrobench-java
A benchmark-suite to evaluate synchronization techniques
-------------------------------------------------------------------------------

Benchmark parameters
--------------------
  Detailed stats:          	enabled
  Number of threads:       	2
  Length:                  	2000 ms
  Write ratio:             	10 %
  WriteAll ratio:          	0 %
  Snapshot ratio:          	0 %
  Size:                    	1000 elts
  Range:                   	2000 elts
  WarmUp:                  	0 s
  Iterations:              	1
  Benchmark:               	linkedlists.lockbased.HandOverHandListBasedSet
Thread #1 finished.
Thread #0 finished.
-------------------------------------------------------------------------------
Benchmark statistics
-------------------------------------------------------------------------------
  Average traversal length: 	NaN
  Struct Modifications:     	0
  Throughput (ops/s):       	51752.9702970297
  Elapsed time (s):         	2.02
  Operations:               	104541	( 100 %)
    effective updates:     	5238	( 5.01 %)
    |--add successful:     	2628	( 2.51 %)
    |--remove succ.:       	2610	( 2.50 %)
    |--addAll succ.:       	0	( 0.00 %)
    |--removeAll succ.:    	0	( 0.00 %)
    size successful:       	0	( 0.00 %)
    contains succ.:        	46416	( 44.40 %)
    unsuccessful ops:      	52887	( 50.59 %)
  Final size:              	1018
  Expected size:           	1018
-------------------------------------------------------------------------------
TM statistics
-------------------------------------------------------------------------------
  Commits:                  	0
  |--regular read only  (%) 	0	( NaN %)
  |--elastic (%)            	0	( NaN %)
  |--regular update (%)     	0	( NaN %)
  Starts:                   	0
  Aborts:                   	0	( 100 %)
  |--between succ. reads:   	0	( NaN %)
  |--between read & write:  	0	( NaN %)
  |--extend upon read:      	0	( NaN %)
  |--write after read:      	0	( NaN %)
  |--locked on write:       	0	( NaN %)
  |--locked before read:    	0	( NaN %)
  |--locked before eread:   	0	( NaN %)
  |--locked on read:        	0	( NaN %)
  |--invalid commit:        	0	( NaN %)
  |--invalid snapshot:      	0	( NaN %)
  Read set size on avg.:    	NaN
  Write set size on avg.:   	NaN
  Tx time-to-commit on avg.:	NaN microsec
  Number of elastic reads       0
  Number of reads in RO prefix  0
-------------------------------------------------------------------------------
Synchrobench-java
A benchmark-suite to evaluate synchronization techniques
-------------------------------------------------------------------------------

Benchmark parameters
--------------------
  Detailed stats:          	enabled
  Number of threads:       	2
  Length:                  	2000 ms
  Write ratio:             	10 %
  WriteAll ratio:          	0 %
  Snapshot ratio:          	0 %
  Size:                    	1000 elts
  Range:                   	2000 elts
  WarmUp:                  	0 s
  Iterations:              	1
  Benchmark:               	linkedlists.lockbased.HandOverHandListBasedSet
Thread #1 finished.
Thread #0 finished.
-------------------------------------------------------------------------------
Benchmark statistics
-------------------------------------------------------------------------------
  Average traversal length: 	NaN
  Struct Modifications:     	0
  Throughput (ops/s):       	53484.56175298805
  Elapsed time (s):         	2.008
  Operations:               	107397	( 100 %)
    effective updates:     	5442	( 5.07 %)
    |--add successful:     	2713	( 2.53 %)
    |--remove succ.:       	2729	( 2.54 %)
    |--addAll succ.:       	0	( 0.00 %)
    |--removeAll succ.:    	0	( 0.00 %)
    size successful:       	0	( 0.00 %)
    contains succ.:        	48367	( 45.04 %)
    unsuccessful ops:      	53588	( 49.90 %)
  Final size:              	984
  Expected size:           	984
-------------------------------------------------------------------------------
TM statistics
-------------------------------------------------------------------------------
  Commits:                  	0
  |--regular read only  (%) 	0	( NaN %)
  |--elastic (%)            	0	( NaN %)
  |--regular update (%)     	0	( NaN %)
  Starts:                   	0
  Aborts:                   	0	( 100 %)
  |--between succ. reads:   	0	( NaN %)
  |--between read & write:  	0	( NaN %)
  |--extend upon read:      	0	( NaN %)
  |--write after read:      	0	( NaN %)
  |--locked on write:       	0	( NaN %)
  |--locked before read:    	0	( NaN %)
  |--locked before eread:   	0	( NaN %)
  |--locked on read:        	0	( NaN %)
  |--invalid commit:        	0	( NaN %)
  |--invalid snapshot:      	0	( NaN %)
  Read set size on avg.:    	NaN
  Write set size on avg.:   	NaN
  Tx time-to-commit on avg.:	NaN microsec
  Number of elastic reads       0
  Number of reads in RO prefix  0
