-------------------------------------------------------------------------------
Synchrobench-java
A benchmark-suite to evaluate synchronization techniques
-------------------------------------------------------------------------------

Benchmark parameters
--------------------
  Detailed stats:          	enabled
  Number of threads:       	10
  Length:                  	2000 ms
  Write ratio:             	75 %
  WriteAll ratio:          	0 %
  Snapshot ratio:          	0 %
  Size:                    	10000 elts
  Range:                   	20000 elts
  WarmUp:                  	0 s
  Iterations:              	1
  Benchmark:               	linkedlists.lockbased.CoarseGrainedListBasedSet
Thread #4 finished.
Thread #9 finished.
Thread #3 finished.
Thread #5 finished.
Thread #2 finished.
Thread #0 finished.
Thread #8 finished.
Thread #1 finished.
Thread #7 finished.
Thread #6 finished.
-------------------------------------------------------------------------------
Benchmark statistics
-------------------------------------------------------------------------------
  Average traversal length: 	NaN
  Struct Modifications:     	0
  Throughput (ops/s):       	16211.98613174839
  Elapsed time (s):         	2.019
  Operations:               	32732	( 100 %)
    effective updates:     	12227	( 37.35 %)
    |--add successful:     	6098	( 18.63 %)
    |--remove succ.:       	6129	( 18.72 %)
    |--addAll succ.:       	0	( 0.00 %)
    |--removeAll succ.:    	0	( 0.00 %)
    size successful:       	0	( 0.00 %)
    contains succ.:        	4103	( 12.54 %)
    unsuccessful ops:      	16402	( 50.11 %)
  Final size:              	9969
  Expected size:           	9969
-------------------------------------------------------------------------------
TM statistics
-------------------------------------------------------------------------------
  Commits:                  	0
  |--regular read only  (%) 	0	( NaN %)
  |--elastic (%)            	0	( NaN %)
  |--regular update (%)     	0	( NaN %)
  Starts:                   	0
  Aborts:                   	0	( 100 %)
  |--between succ. reads:   	0	( NaN %)
  |--between read & write:  	0	( NaN %)
  |--extend upon read:      	0	( NaN %)
  |--write after read:      	0	( NaN %)
  |--locked on write:       	0	( NaN %)
  |--locked before read:    	0	( NaN %)
  |--locked before eread:   	0	( NaN %)
  |--locked on read:        	0	( NaN %)
  |--invalid commit:        	0	( NaN %)
  |--invalid snapshot:      	0	( NaN %)
  Read set size on avg.:    	NaN
  Write set size on avg.:   	NaN
  Tx time-to-commit on avg.:	NaN microsec
  Number of elastic reads       0
  Number of reads in RO prefix  0
-------------------------------------------------------------------------------
Synchrobench-java
A benchmark-suite to evaluate synchronization techniques
-------------------------------------------------------------------------------

Benchmark parameters
--------------------
  Detailed stats:          	enabled
  Number of threads:       	10
  Length:                  	2000 ms
  Write ratio:             	75 %
  WriteAll ratio:          	0 %
  Snapshot ratio:          	0 %
  Size:                    	10000 elts
  Range:                   	20000 elts
  WarmUp:                  	0 s
  Iterations:              	1
  Benchmark:               	linkedlists.lockbased.CoarseGrainedListBasedSet
Thread #5 finished.
Thread #2 finished.
Thread #7 finished.
Thread #4 finished.
Thread #8 finished.
Thread #3 finished.
Thread #9 finished.
Thread #6 finished.
Thread #0 finished.
Thread #1 finished.
-------------------------------------------------------------------------------
Benchmark statistics
-------------------------------------------------------------------------------
  Average traversal length: 	NaN
  Struct Modifications:     	0
  Throughput (ops/s):       	13729.30094199306
  Elapsed time (s):         	2.017
  Operations:               	27692	( 100 %)
    effective updates:     	10391	( 37.52 %)
    |--add successful:     	5241	( 18.93 %)
    |--remove succ.:       	5150	( 18.60 %)
    |--addAll succ.:       	0	( 0.00 %)
    |--removeAll succ.:    	0	( 0.00 %)
    size successful:       	0	( 0.00 %)
    contains succ.:        	3543	( 12.79 %)
    unsuccessful ops:      	13758	( 49.68 %)
  Final size:              	10091
  Expected size:           	10091
-------------------------------------------------------------------------------
TM statistics
-------------------------------------------------------------------------------
  Commits:                  	0
  |--regular read only  (%) 	0	( NaN %)
  |--elastic (%)            	0	( NaN %)
  |--regular update (%)     	0	( NaN %)
  Starts:                   	0
  Aborts:                   	0	( 100 %)
  |--between succ. reads:   	0	( NaN %)
  |--between read & write:  	0	( NaN %)
  |--extend upon read:      	0	( NaN %)
  |--write after read:      	0	( NaN %)
  |--locked on write:       	0	( NaN %)
  |--locked before read:    	0	( NaN %)
  |--locked before eread:   	0	( NaN %)
  |--locked on read:        	0	( NaN %)
  |--invalid commit:        	0	( NaN %)
  |--invalid snapshot:      	0	( NaN %)
  Read set size on avg.:    	NaN
  Write set size on avg.:   	NaN
  Tx time-to-commit on avg.:	NaN microsec
  Number of elastic reads       0
  Number of reads in RO prefix  0
