-------------------------------------------------------------------------------
Synchrobench-java
A benchmark-suite to evaluate synchronization techniques
-------------------------------------------------------------------------------

Benchmark parameters
--------------------
  Detailed stats:          	enabled
  Number of threads:       	12
  Length:                  	2000 ms
  Write ratio:             	10 %
  WriteAll ratio:          	0 %
  Snapshot ratio:          	0 %
  Size:                    	1000 elts
  Range:                   	2000 elts
  WarmUp:                  	0 s
  Iterations:              	1
  Benchmark:               	linkedlists.lockbased.CoarseGrainedListBasedSet
Thread #10 finished.
Thread #5 finished.
Thread #8 finished.
Thread #3 finished.
Thread #9 finished.
Thread #7 finished.
Thread #0 finished.
Thread #6 finished.
Thread #4 finished.
Thread #2 finished.
Thread #1 finished.
Thread #11 finished.
-------------------------------------------------------------------------------
Benchmark statistics
-------------------------------------------------------------------------------
  Average traversal length: 	NaN
  Struct Modifications:     	0
  Throughput (ops/s):       	110366.79920477138
  Elapsed time (s):         	2.012
  Operations:               	222058	( 100 %)
    effective updates:     	10993	( 4.95 %)
    |--add successful:     	5508	( 2.48 %)
    |--remove succ.:       	5485	( 2.47 %)
    |--addAll succ.:       	0	( 0.00 %)
    |--removeAll succ.:    	0	( 0.00 %)
    size successful:       	0	( 0.00 %)
    contains succ.:        	100392	( 45.21 %)
    unsuccessful ops:      	110673	( 49.84 %)
  Final size:              	1023
  Expected size:           	1023
-------------------------------------------------------------------------------
TM statistics
-------------------------------------------------------------------------------
  Commits:                  	0
  |--regular read only  (%) 	0	( NaN %)
  |--elastic (%)            	0	( NaN %)
  |--regular update (%)     	0	( NaN %)
  Starts:                   	0
  Aborts:                   	0	( 100 %)
  |--between succ. reads:   	0	( NaN %)
  |--between read & write:  	0	( NaN %)
  |--extend upon read:      	0	( NaN %)
  |--write after read:      	0	( NaN %)
  |--locked on write:       	0	( NaN %)
  |--locked before read:    	0	( NaN %)
  |--locked before eread:   	0	( NaN %)
  |--locked on read:        	0	( NaN %)
  |--invalid commit:        	0	( NaN %)
  |--invalid snapshot:      	0	( NaN %)
  Read set size on avg.:    	NaN
  Write set size on avg.:   	NaN
  Tx time-to-commit on avg.:	NaN microsec
  Number of elastic reads       0
  Number of reads in RO prefix  0
-------------------------------------------------------------------------------
Synchrobench-java
A benchmark-suite to evaluate synchronization techniques
-------------------------------------------------------------------------------

Benchmark parameters
--------------------
  Detailed stats:          	enabled
  Number of threads:       	12
  Length:                  	2000 ms
  Write ratio:             	10 %
  WriteAll ratio:          	0 %
  Snapshot ratio:          	0 %
  Size:                    	1000 elts
  Range:                   	2000 elts
  WarmUp:                  	0 s
  Iterations:              	1
  Benchmark:               	linkedlists.lockbased.CoarseGrainedListBasedSet
Thread #3 finished.
Thread #0 finished.
Thread #10 finished.
Thread #11 finished.
Thread #4 finished.
Thread #9 finished.
Thread #5 finished.
Thread #6 finished.
Thread #2 finished.
Thread #7 finished.
Thread #8 finished.
Thread #1 finished.
-------------------------------------------------------------------------------
Benchmark statistics
-------------------------------------------------------------------------------
  Average traversal length: 	NaN
  Struct Modifications:     	0
  Throughput (ops/s):       	76374.9383325111
  Elapsed time (s):         	2.027
  Operations:               	154812	( 100 %)
    effective updates:     	7708	( 4.98 %)
    |--add successful:     	3847	( 2.48 %)
    |--remove succ.:       	3861	( 2.49 %)
    |--addAll succ.:       	0	( 0.00 %)
    |--removeAll succ.:    	0	( 0.00 %)
    size successful:       	0	( 0.00 %)
    contains succ.:        	68855	( 44.48 %)
    unsuccessful ops:      	78249	( 50.54 %)
  Final size:              	986
  Expected size:           	986
-------------------------------------------------------------------------------
TM statistics
-------------------------------------------------------------------------------
  Commits:                  	0
  |--regular read only  (%) 	0	( NaN %)
  |--elastic (%)            	0	( NaN %)
  |--regular update (%)     	0	( NaN %)
  Starts:                   	0
  Aborts:                   	0	( 100 %)
  |--between succ. reads:   	0	( NaN %)
  |--between read & write:  	0	( NaN %)
  |--extend upon read:      	0	( NaN %)
  |--write after read:      	0	( NaN %)
  |--locked on write:       	0	( NaN %)
  |--locked before read:    	0	( NaN %)
  |--locked before eread:   	0	( NaN %)
  |--locked on read:        	0	( NaN %)
  |--invalid commit:        	0	( NaN %)
  |--invalid snapshot:      	0	( NaN %)
  Read set size on avg.:    	NaN
  Write set size on avg.:   	NaN
  Tx time-to-commit on avg.:	NaN microsec
  Number of elastic reads       0
  Number of reads in RO prefix  0
-------------------------------------------------------------------------------
Synchrobench-java
A benchmark-suite to evaluate synchronization techniques
-------------------------------------------------------------------------------

Benchmark parameters
--------------------
  Detailed stats:          	enabled
  Number of threads:       	12
  Length:                  	2000 ms
  Write ratio:             	10 %
  WriteAll ratio:          	0 %
  Snapshot ratio:          	0 %
  Size:                    	1000 elts
  Range:                   	2000 elts
  WarmUp:                  	0 s
  Iterations:              	1
  Benchmark:               	linkedlists.lockbased.CoarseGrainedListBasedSet
Thread #6 finished.
Thread #4 finished.
Thread #5 finished.
Thread #7 finished.
Thread #3 finished.
Thread #10 finished.
Thread #1 finished.
Thread #8 finished.
Thread #2 finished.
Thread #11 finished.
Thread #0 finished.
Thread #9 finished.
-------------------------------------------------------------------------------
Benchmark statistics
-------------------------------------------------------------------------------
  Average traversal length: 	NaN
  Struct Modifications:     	0
  Throughput (ops/s):       	76500.9871668312
  Elapsed time (s):         	2.026
  Operations:               	154991	( 100 %)
    effective updates:     	7738	( 4.99 %)
    |--add successful:     	3882	( 2.50 %)
    |--remove succ.:       	3856	( 2.49 %)
    |--addAll succ.:       	0	( 0.00 %)
    |--removeAll succ.:    	0	( 0.00 %)
    size successful:       	0	( 0.00 %)
    contains succ.:        	69665	( 44.95 %)
    unsuccessful ops:      	77588	( 50.06 %)
  Final size:              	1026
  Expected size:           	1026
-------------------------------------------------------------------------------
TM statistics
-------------------------------------------------------------------------------
  Commits:                  	0
  |--regular read only  (%) 	0	( NaN %)
  |--elastic (%)            	0	( NaN %)
  |--regular update (%)     	0	( NaN %)
  Starts:                   	0
  Aborts:                   	0	( 100 %)
  |--between succ. reads:   	0	( NaN %)
  |--between read & write:  	0	( NaN %)
  |--extend upon read:      	0	( NaN %)
  |--write after read:      	0	( NaN %)
  |--locked on write:       	0	( NaN %)
  |--locked before read:    	0	( NaN %)
  |--locked before eread:   	0	( NaN %)
  |--locked on read:        	0	( NaN %)
  |--invalid commit:        	0	( NaN %)
  |--invalid snapshot:      	0	( NaN %)
  Read set size on avg.:    	NaN
  Write set size on avg.:   	NaN
  Tx time-to-commit on avg.:	NaN microsec
  Number of elastic reads       0
  Number of reads in RO prefix  0
